app/build/intermediates/manifest_merge_blame_file/debug/processDebugMainManifest/manifest-merger-blame-debug-report.txt
1<?xml version="1.0" encoding="utf-8"?>
2<manifest xmlns:android="http://schemas.android.com/apk/res/android"
3    package="com.sync.app"
4    android:versionCode="1"
5    android:versionName="1.0" >
6
7    <uses-sdk
8        android:minSdkVersion="24"
9        android:targetSdkVersion="34" />
10
11    <uses-permission android:name="android.permission.FOREGROUND_SERVICE_DATA_SYNC" />
11-->src/main/AndroidManifest.xml:3:5-4:74
11-->src/main/AndroidManifest.xml:4:9-71
12    <uses-permission android:name="android.permission.GET_PACKAGE_SIZE" />
12-->[logger-runtime.aar] AndroidManifest.xml:7:5-75
12-->[logger-runtime.aar] AndroidManifest.xml:7:22-72
13    <uses-permission android:name="android.permission.QUERY_ALL_PACKAGES" />
13-->[logger-runtime.aar] AndroidManifest.xml:8:5-77
13-->[logger-runtime.aar] AndroidManifest.xml:8:22-74
14
15    <queries>
15-->[logger-runtime.aar] AndroidManifest.xml:10:5-12:15
16        <package android:name="io.github.mohammedbaqernull.logger" />
16-->[logger-runtime.aar] AndroidManifest.xml:11:9-70
16-->[logger-runtime.aar] AndroidManifest.xml:11:18-67
17    </queries>
18
19    <permission
19-->[androidx.core:core:1.17.0] AndroidManifest.xml:22:5-24:47
20        android:name="com.sync.app.DYNAMIC_RECEIVER_NOT_EXPORTED_PERMISSION"
20-->[androidx.core:core:1.17.0] AndroidManifest.xml:23:9-81
21        android:protectionLevel="signature" />
21-->[androidx.core:core:1.17.0] AndroidManifest.xml:24:9-44
22
23    <uses-permission android:name="com.sync.app.DYNAMIC_RECEIVER_NOT_EXPORTED_PERMISSION" />
23-->[androidx.core:core:1.17.0] AndroidManifest.xml:26:5-97
23-->[androidx.core:core:1.17.0] AndroidManifest.xml:26:22-94
24
25    <application
25-->src/main/AndroidManifest.xml:5:5-21:19
26        android:allowBackup="true"
26-->src/main/AndroidManifest.xml:6:9-35
27        android:appComponentFactory="androidx.core.app.CoreComponentFactory"
27-->[androidx.core:core:1.17.0] AndroidManifest.xml:28:18-86
28        android:debuggable="true"
29        android:extractNativeLibs="false"
30        android:icon="@mipmap/ic_launcher"
30-->src/main/AndroidManifest.xml:7:9-43
31        android:label="@string/app_name"
31-->src/main/AndroidManifest.xml:8:9-41
32        android:roundIcon="@mipmap/ic_launcher_round"
32-->src/main/AndroidManifest.xml:9:9-54
33        android:supportsRtl="true"
33-->src/main/AndroidManifest.xml:10:9-35
34        android:theme="@style/Theme.ComposeEmptyActivity" >
34-->src/main/AndroidManifest.xml:11:9-58
35        <activity
35-->src/main/AndroidManifest.xml:12:9-20:20
36            android:name="com.sync.app.MainActivity"
36-->src/main/AndroidManifest.xml:13:13-41
37            android:exported="true"
37-->src/main/AndroidManifest.xml:14:13-36
38            android:theme="@style/Theme.ComposeEmptyActivity" >
38-->src/main/AndroidManifest.xml:15:13-62
39            <intent-filter>
39-->src/main/AndroidManifest.xml:16:13-19:29
40                <action android:name="android.intent.action.MAIN" />
40-->src/main/AndroidManifest.xml:17:17-69
40-->src/main/AndroidManifest.xml:17:25-66
41
42                <category android:name="android.intent.category.LAUNCHER" />
42-->src/main/AndroidManifest.xml:18:17-77
42-->src/main/AndroidManifest.xml:18:27-74
43            </intent-filter>
44        </activity>
45
46        <provider
46-->[logger-runtime.aar] AndroidManifest.xml:15:9-18:39
47            android:name="io.github.mohammedbaqernull.logger.logwire.LogWireInitializer"
47-->[logger-runtime.aar] AndroidManifest.xml:16:13-89
48            android:authorities="com.sync.app.logwire.initializer"
48-->[logger-runtime.aar] AndroidManifest.xml:17:13-71
49            android:exported="true" />
49-->[logger-runtime.aar] AndroidManifest.xml:18:13-36
50
51        <activity
51-->[androidx.compose.ui:ui-tooling-android:1.9.4] AndroidManifest.xml:23:9-25:39
52            android:name="androidx.compose.ui.tooling.PreviewActivity"
52-->[androidx.compose.ui:ui-tooling-android:1.9.4] AndroidManifest.xml:24:13-71
53            android:exported="true" />
53-->[androidx.compose.ui:ui-tooling-android:1.9.4] AndroidManifest.xml:25:13-36
54        <activity
54-->[androidx.compose.ui:ui-test-manifest:1.9.4] AndroidManifest.xml:23:9-26:79
55            android:name="androidx.activity.ComponentActivity"
55-->[androidx.compose.ui:ui-test-manifest:1.9.4] AndroidManifest.xml:24:13-63
56            android:exported="true"
56-->[androidx.compose.ui:ui-test-manifest:1.9.4] AndroidManifest.xml:25:13-36
57            android:theme="@android:style/Theme.Material.Light.NoActionBar" />
57-->[androidx.compose.ui:ui-test-manifest:1.9.4] AndroidManifest.xml:26:13-76
58
59        <provider
59-->[androidx.emoji2:emoji2:1.4.0] AndroidManifest.xml:24:9-32:20
60            android:name="androidx.startup.InitializationProvider"
60-->[androidx.emoji2:emoji2:1.4.0] AndroidManifest.xml:25:13-67
61            android:authorities="com.sync.app.androidx-startup"
61-->[androidx.emoji2:emoji2:1.4.0] AndroidManifest.xml:26:13-68
62            android:exported="false" >
62-->[androidx.emoji2:emoji2:1.4.0] AndroidManifest.xml:27:13-37
63            <meta-data
63-->[androidx.emoji2:emoji2:1.4.0] AndroidManifest.xml:29:13-31:52
64                android:name="androidx.emoji2.text.EmojiCompatInitializer"
64-->[androidx.emoji2:emoji2:1.4.0] AndroidManifest.xml:30:17-75
65                android:value="androidx.startup" />
65-->[androidx.emoji2:emoji2:1.4.0] AndroidManifest.xml:31:17-49
66            <meta-data
66-->[androidx.lifecycle:lifecycle-process:2.9.4] AndroidManifest.xml:29:13-31:52
67                android:name="androidx.lifecycle.ProcessLifecycleInitializer"
67-->[androidx.lifecycle:lifecycle-process:2.9.4] AndroidManifest.xml:30:17-78
68                android:value="androidx.startup" />
68-->[androidx.lifecycle:lifecycle-process:2.9.4] AndroidManifest.xml:31:17-49
69            <meta-data
69-->[androidx.profileinstaller:profileinstaller:1.4.0] AndroidManifest.xml:29:13-31:52
70                android:name="androidx.profileinstaller.ProfileInstallerInitializer"
70-->[androidx.profileinstaller:profileinstaller:1.4.0] AndroidManifest.xml:30:17-85
71                android:value="androidx.startup" />
71-->[androidx.profileinstaller:profileinstaller:1.4.0] AndroidManifest.xml:31:17-49
72        </provider>
73
74        <receiver
74-->[androidx.profileinstaller:profileinstaller:1.4.0] AndroidManifest.xml:34:9-52:20
75            android:name="androidx.profileinstaller.ProfileInstallReceiver"
75-->[androidx.profileinstaller:profileinstaller:1.4.0] AndroidManifest.xml:35:13-76
76            android:directBootAware="false"
76-->[androidx.profileinstaller:profileinstaller:1.4.0] AndroidManifest.xml:36:13-44
77            android:enabled="true"
77-->[androidx.profileinstaller:profileinstaller:1.4.0] AndroidManifest.xml:37:13-35
78            android:exported="true"
78-->[androidx.profileinstaller:profileinstaller:1.4.0] AndroidManifest.xml:38:13-36
79            android:permission="android.permission.DUMP" >
79-->[androidx.profileinstaller:profileinstaller:1.4.0] AndroidManifest.xml:39:13-57
80            <intent-filter>
80-->[androidx.profileinstaller:profileinstaller:1.4.0] AndroidManifest.xml:40:13-42:29
81                <action android:name="androidx.profileinstaller.action.INSTALL_PROFILE" />
81-->[androidx.profileinstaller:profileinstaller:1.4.0] AndroidManifest.xml:41:17-91
81-->[androidx.profileinstaller:profileinstaller:1.4.0] AndroidManifest.xml:41:25-88
82            </intent-filter>
83            <intent-filter>
83-->[androidx.profileinstaller:profileinstaller:1.4.0] AndroidManifest.xml:43:13-45:29
84                <action android:name="androidx.profileinstaller.action.SKIP_FILE" />
84-->[androidx.profileinstaller:profileinstaller:1.4.0] AndroidManifest.xml:44:17-85
84-->[androidx.profileinstaller:profileinstaller:1.4.0] AndroidManifest.xml:44:25-82
85            </intent-filter>
86            <intent-filter>
86-->[androidx.profileinstaller:profileinstaller:1.4.0] AndroidManifest.xml:46:13-48:29
87                <action android:name="androidx.profileinstaller.action.SAVE_PROFILE" />
87-->[androidx.profileinstaller:profileinstaller:1.4.0] AndroidManifest.xml:47:17-88
87-->[androidx.profileinstaller:profileinstaller:1.4.0] AndroidManifest.xml:47:25-85
88            </intent-filter>
89            <intent-filter>
89-->[androidx.profileinstaller:profileinstaller:1.4.0] AndroidManifest.xml:49:13-51:29
90                <action android:name="androidx.profileinstaller.action.BENCHMARK_OPERATION" />
90-->[androidx.profileinstaller:profileinstaller:1.4.0] AndroidManifest.xml:50:17-95
90-->[androidx.profileinstaller:profileinstaller:1.4.0] AndroidManifest.xml:50:25-92
91            </intent-filter>
92        </receiver>
93    </application>
94
95</manifest>